{"/home/ribtas007/namastereact/yoyo/src/components/Contact.js": {"path":"/home/ribtas007/namastereact/yoyo/src/components/Contact.js","statementMap":{"0":{"start":{"line":3,"column":16},"end":{"line":15,"column":1}},"1":{"start":{"line":4,"column":2},"end":{"line":14,"column":3}}},"fnMap":{"0":{"name":"(anonymous_0)","decl":{"start":{"line":3,"column":16},"end":{"line":3,"column":17}},"loc":{"start":{"line":3,"column":22},"end":{"line":15,"column":1}},"line":3}},"branchMap":{},"s":{"0":1,"1":4},"f":{"0":4},"b":{},"_coverageSchema":"1a1c01bbd47fc00a2c39e90264f33305004495a9","hash":"ce396f4f6c433f83bdc906066aff4065fdb66f94"}
,"/home/ribtas007/namastereact/yoyo/src/components/Header.js": {"path":"/home/ribtas007/namastereact/yoyo/src/components/Header.js","statementMap":{"0":{"start":{"line":8,"column":15},"end":{"line":49,"column":1}},"1":{"start":{"line":9,"column":32},"end":{"line":9,"column":49}},"2":{"start":{"line":10,"column":23},"end":{"line":10,"column":40}},"3":{"start":{"line":11,"column":27},"end":{"line":11,"column":50}},"4":{"start":{"line":12,"column":20},"end":{"line":12,"column":60}},"5":{"start":{"line":12,"column":43},"end":{"line":12,"column":59}},"6":{"start":{"line":13,"column":2},"end":{"line":48,"column":4}},"7":{"start":{"line":39,"column":14},"end":{"line":39,"column":79}}},"fnMap":{"0":{"name":"(anonymous_0)","decl":{"start":{"line":8,"column":15},"end":{"line":8,"column":16}},"loc":{"start":{"line":8,"column":21},"end":{"line":49,"column":1}},"line":8},"1":{"name":"(anonymous_1)","decl":{"start":{"line":12,"column":32},"end":{"line":12,"column":33}},"loc":{"start":{"line":12,"column":43},"end":{"line":12,"column":59}},"line":12},"2":{"name":"(anonymous_2)","decl":{"start":{"line":38,"column":21},"end":{"line":38,"column":22}},"loc":{"start":{"line":38,"column":27},"end":{"line":40,"column":13}},"line":38}},"branchMap":{"0":{"loc":{"start":{"line":20,"column":47},"end":{"line":20,"column":73}},"type":"cond-expr","locations":[{"start":{"line":20,"column":62},"end":{"line":20,"column":66}},{"start":{"line":20,"column":69},"end":{"line":20,"column":73}}],"line":20},"1":{"loc":{"start":{"line":39,"column":14},"end":{"line":39,"column":78}},"type":"cond-expr","locations":[{"start":{"line":39,"column":36},"end":{"line":39,"column":56}},{"start":{"line":39,"column":59},"end":{"line":39,"column":78}}],"line":39}},"s":{"0":1,"1":4,"2":4,"3":4,"4":4,"5":7,"6":4,"7":1},"f":{"0":4,"1":7,"2":1},"b":{"0":[4,0],"1":[1,0]},"_coverageSchema":"1a1c01bbd47fc00a2c39e90264f33305004495a9","hash":"ac7df4003d3f14576830ae40c56dea3ca92016bb"}
,"/home/ribtas007/namastereact/yoyo/src/components/RestaurantCard.js": {"path":"/home/ribtas007/namastereact/yoyo/src/components/RestaurantCard.js","statementMap":{"0":{"start":{"line":3,"column":23},"end":{"line":28,"column":1}},"1":{"start":{"line":4,"column":22},"end":{"line":4,"column":27}},"2":{"start":{"line":5,"column":2},"end":{"line":5,"column":23}},"3":{"start":{"line":7,"column":4},"end":{"line":7,"column":16}},"4":{"start":{"line":9,"column":28},"end":{"line":11,"column":3}},"5":{"start":{"line":12,"column":21},"end":{"line":12,"column":55}},"6":{"start":{"line":14,"column":2},"end":{"line":27,"column":4}},"7":{"start":{"line":30,"column":35},"end":{"line":39,"column":1}},"8":{"start":{"line":31,"column":2},"end":{"line":38,"column":4}},"9":{"start":{"line":32,"column":4},"end":{"line":37,"column":6}}},"fnMap":{"0":{"name":"(anonymous_0)","decl":{"start":{"line":3,"column":23},"end":{"line":3,"column":24}},"loc":{"start":{"line":3,"column":34},"end":{"line":28,"column":1}},"line":3},"1":{"name":"(anonymous_1)","decl":{"start":{"line":30,"column":35},"end":{"line":30,"column":36}},"loc":{"start":{"line":30,"column":55},"end":{"line":39,"column":1}},"line":30},"2":{"name":"(anonymous_2)","decl":{"start":{"line":31,"column":9},"end":{"line":31,"column":10}},"loc":{"start":{"line":31,"column":20},"end":{"line":38,"column":3}},"line":31}},"branchMap":{},"s":{"0":1,"1":2,"2":2,"3":2,"4":2,"5":2,"6":2,"7":1,"8":0,"9":0},"f":{"0":2,"1":0,"2":0},"b":{},"_coverageSchema":"1a1c01bbd47fc00a2c39e90264f33305004495a9","hash":"64a23184c7f6126546f6ff4b47eb95969d8dde2d"}
,"/home/ribtas007/namastereact/yoyo/src/components/sum.js": {"path":"/home/ribtas007/namastereact/yoyo/src/components/sum.js","statementMap":{"0":{"start":{"line":3,"column":12},"end":{"line":5,"column":1}},"1":{"start":{"line":4,"column":2},"end":{"line":4,"column":13}}},"fnMap":{"0":{"name":"(anonymous_0)","decl":{"start":{"line":3,"column":12},"end":{"line":3,"column":13}},"loc":{"start":{"line":3,"column":21},"end":{"line":5,"column":1}},"line":3}},"branchMap":{},"s":{"0":1,"1":1},"f":{"0":1},"b":{},"_coverageSchema":"1a1c01bbd47fc00a2c39e90264f33305004495a9","hash":"2c2767c54320783ebf0ec8cd84140d0935cc858a"}
,"/home/ribtas007/namastereact/yoyo/src/utils/UserContext.js": {"path":"/home/ribtas007/namastereact/yoyo/src/utils/UserContext.js","statementMap":{"0":{"start":{"line":3,"column":20},"end":{"line":5,"column":2}}},"fnMap":{},"branchMap":{},"s":{"0":1},"f":{},"b":{},"_coverageSchema":"1a1c01bbd47fc00a2c39e90264f33305004495a9","hash":"83cd48aa1f296fd33da5132935a4ac9752445d68"}
,"/home/ribtas007/namastereact/yoyo/src/utils/appStore.js": {"path":"/home/ribtas007/namastereact/yoyo/src/utils/appStore.js","statementMap":{"0":{"start":{"line":4,"column":17},"end":{"line":8,"column":2}}},"fnMap":{},"branchMap":{},"s":{"0":1},"f":{},"b":{},"_coverageSchema":"1a1c01bbd47fc00a2c39e90264f33305004495a9","hash":"d3372d0c7b310dba2a2516201f40fd92ea955087"}
,"/home/ribtas007/namastereact/yoyo/src/utils/cartSlice.js": {"path":"/home/ribtas007/namastereact/yoyo/src/utils/cartSlice.js","statementMap":{"0":{"start":{"line":3,"column":18},"end":{"line":19,"column":2}},"1":{"start":{"line":10,"column":12},"end":{"line":10,"column":45}},"2":{"start":{"line":13,"column":12},"end":{"line":13,"column":30}},"3":{"start":{"line":16,"column":12},"end":{"line":16,"column":35}},"4":{"start":{"line":21,"column":49},"end":{"line":21,"column":66}}},"fnMap":{"0":{"name":"(anonymous_0)","decl":{"start":{"line":9,"column":17},"end":{"line":9,"column":18}},"loc":{"start":{"line":9,"column":35},"end":{"line":11,"column":9}},"line":9},"1":{"name":"(anonymous_1)","decl":{"start":{"line":12,"column":20},"end":{"line":12,"column":21}},"loc":{"start":{"line":12,"column":31},"end":{"line":14,"column":9}},"line":12},"2":{"name":"(anonymous_2)","decl":{"start":{"line":15,"column":19},"end":{"line":15,"column":20}},"loc":{"start":{"line":15,"column":30},"end":{"line":17,"column":9}},"line":15}},"branchMap":{},"s":{"0":1,"1":0,"2":0,"3":0,"4":1},"f":{"0":0,"1":0,"2":0},"b":{},"_coverageSchema":"1a1c01bbd47fc00a2c39e90264f33305004495a9","hash":"3387452afd800d656ee1cc384d537f0ce2b2c10c"}
,"/home/ribtas007/namastereact/yoyo/src/utils/constant.js": {"path":"/home/ribtas007/namastereact/yoyo/src/utils/constant.js","statementMap":{"0":{"start":{"line":2,"column":2},"end":{"line":2,"column":85}},"1":{"start":{"line":5,"column":2},"end":{"line":5,"column":74}},"2":{"start":{"line":8,"column":0},"end":{"line":8,"column":145}},"3":{"start":{"line":11,"column":2},"end":{"line":11,"column":132}}},"fnMap":{},"branchMap":{},"s":{"0":2,"1":2,"2":2,"3":2},"f":{},"b":{},"_coverageSchema":"1a1c01bbd47fc00a2c39e90264f33305004495a9","hash":"0c2ff120921af2526dcee4263c0fe79b3ce6e3f3"}
,"/home/ribtas007/namastereact/yoyo/src/utils/useOnlineStatus.js": {"path":"/home/ribtas007/namastereact/yoyo/src/utils/useOnlineStatus.js","statementMap":{"0":{"start":{"line":3,"column":24},"end":{"line":17,"column":1}},"1":{"start":{"line":4,"column":44},"end":{"line":4,"column":58}},"2":{"start":{"line":6,"column":4},"end":{"line":14,"column":10}},"3":{"start":{"line":7,"column":8},"end":{"line":9,"column":11}},"4":{"start":{"line":8,"column":12},"end":{"line":8,"column":35}},"5":{"start":{"line":11,"column":8},"end":{"line":13,"column":11}},"6":{"start":{"line":12,"column":12},"end":{"line":12,"column":34}},"7":{"start":{"line":16,"column":4},"end":{"line":16,"column":24}}},"fnMap":{"0":{"name":"(anonymous_0)","decl":{"start":{"line":3,"column":24},"end":{"line":3,"column":25}},"loc":{"start":{"line":3,"column":30},"end":{"line":17,"column":1}},"line":3},"1":{"name":"(anonymous_1)","decl":{"start":{"line":6,"column":14},"end":{"line":6,"column":15}},"loc":{"start":{"line":6,"column":18},"end":{"line":14,"column":5}},"line":6},"2":{"name":"(anonymous_2)","decl":{"start":{"line":7,"column":42},"end":{"line":7,"column":43}},"loc":{"start":{"line":7,"column":48},"end":{"line":9,"column":9}},"line":7},"3":{"name":"(anonymous_3)","decl":{"start":{"line":11,"column":41},"end":{"line":11,"column":42}},"loc":{"start":{"line":11,"column":47},"end":{"line":13,"column":9}},"line":11}},"branchMap":{},"s":{"0":1,"1":4,"2":4,"3":3,"4":0,"5":3,"6":0,"7":4},"f":{"0":4,"1":3,"2":0,"3":0},"b":{},"_coverageSchema":"1a1c01bbd47fc00a2c39e90264f33305004495a9","hash":"b213eefd01ac18e0d26f662505ec159eccea2f45"}
}
